Using pre-set license

 COMMAND LINE ARGUMENTS:
/Applications/Unity/Hub/Editor/2020.3.11f1/Unity.app/Contents/MacOS/Unity
-adb2
-batchMode
-noUpm
-name
AssetImportWorker0
-projectPath
/Users/richardkamau/unity_projects/main_project/SummerProject
-logFile
Logs/AssetImportWorker0.log
-srvPort
52181
Successfully changed project path to: /Users/richardkamau/unity_projects/main_project/SummerProject
/Users/richardkamau/unity_projects/main_project/SummerProject
Using Asset Import Pipeline V2.
Refreshing native plugins compatible for Editor in 36.18 ms, found 2 plugins.
Preloading 0 native plugins for Editor in 0.00 ms.
Initialize engine version: 2020.3.11f1 (99c7afb366b3)
[Subsystems] Discovering subsystems at path /Applications/Unity/Hub/Editor/2020.3.11f1/Unity.app/Contents/Resources/UnitySubsystems
[Subsystems] Discovering subsystems at path /Users/richardkamau/unity_projects/main_project/SummerProject/Assets
GfxDevice: creating device client; threaded=0
2021-07-13 10:03:24.465 Unity[9092:191254] Color LCD preferred device: Intel(R) Iris(TM) Plus Graphics 645 (low power)
2021-07-13 10:03:24.465 Unity[9092:191254] Metal devices available: 1
2021-07-13 10:03:24.465 Unity[9092:191254] 0: Intel(R) Iris(TM) Plus Graphics 645 (low power)
2021-07-13 10:03:24.466 Unity[9092:191254] Using device Intel(R) Iris(TM) Plus Graphics 645 (low power)
Initializing Metal device caps: Intel(R) Iris(TM) Plus Graphics 645
Initialize mono
Mono path[0] = '/Applications/Unity/Hub/Editor/2020.3.11f1/Unity.app/Contents/Managed'
Mono path[1] = '/Applications/Unity/Hub/Editor/2020.3.11f1/Unity.app/Contents/MonoBleedingEdge/lib/mono/unityjit'
Mono config path = '/Applications/Unity/Hub/Editor/2020.3.11f1/Unity.app/Contents/MonoBleedingEdge/etc'
Using monoOptions --debugger-agent=transport=dt_socket,embedding=1,server=y,suspend=n,address=127.0.0.1:56092
Begin MonoManager ReloadAssembly
Registering precompiled unity dll's ...
Register platform support module: /Applications/Unity/Hub/Editor/2020.3.11f1/Unity.app/Contents/PlaybackEngines/MacStandaloneSupport/UnityEditor.OSXStandalone.Extensions.dll
Registered in 0.001747 seconds.
Native extension for OSXStandalone target not found
Refreshing native plugins compatible for Editor in 31.66 ms, found 2 plugins.
Preloading 0 native plugins for Editor in 0.00 ms.
Mono: successfully reloaded assembly
- Completed reload, in  2.316 seconds
Platform modules already initialized, skipping
Registering precompiled user dll's ...
Registered in 0.005934 seconds.
Begin MonoManager ReloadAssembly
Native extension for OSXStandalone target not found
Refreshing native plugins compatible for Editor in 0.33 ms, found 2 plugins.
Preloading 0 native plugins for Editor in 0.00 ms.
Mono: successfully reloaded assembly
- Completed reload, in  1.309 seconds
Platform modules already initialized, skipping
========================================================================
Worker process is ready to serve import requests
Launching external process: /Applications/Unity/Hub/Editor/2020.3.11f1/Unity.app/Contents/Tools/UnityShaderCompiler
Launched and connected shader compiler UnityShaderCompiler after 0.01 seconds
Refreshing native plugins compatible for Editor in 0.43 ms, found 2 plugins.
Preloading 0 native plugins for Editor in 0.00 ms.
Unloading 1386 Unused Serialized files (Serialized files now loaded: 0)
System memory in use before: 133.7 MB.
System memory in use after: 133.7 MB.

Unloading 19 unused Assets to reduce memory usage. Loaded Objects now: 1819.
Total: 2.399314 ms (FindLiveObjects: 0.159135 ms CreateObjectMapping: 0.045956 ms MarkObjects: 2.096900 ms  DeleteObjects: 0.096066 ms)

========================================================================
Received Import Request.
  path: Assets/Scenes
  artifactKey: Guid(df26e78a72d6945c38394804040476db) Importer(815301076,1909f56bfc062723c751e8b465ee728b)
Start importing Assets/Scenes using Guid(df26e78a72d6945c38394804040476db) Importer(815301076,1909f56bfc062723c751e8b465ee728b)  -> (artifact id: '3ddcabaf847fc9269f7dea12f3b83f8c') in 0.003977 seconds
  Import took 0.007391 seconds .

========================================================================
Received Import Request.
  Time since last request: 2.221706 seconds.
  path: Assets/Materials
  artifactKey: Guid(8d130c2a8f7644b6c9efd967bff7e5f1) Importer(815301076,1909f56bfc062723c751e8b465ee728b)
Start importing Assets/Materials using Guid(8d130c2a8f7644b6c9efd967bff7e5f1) Importer(815301076,1909f56bfc062723c751e8b465ee728b)  -> (artifact id: 'abab901b599229f3e5b88053d0ca643b') in 0.002758 seconds
  Import took 0.008146 seconds .

========================================================================
Received Import Request.
  Time since last request: 77.876410 seconds.
  path: Assets/Materials/White.mat
  artifactKey: Guid(8401dafb6136f49cdb4122bf5793f296) Importer(815301076,1909f56bfc062723c751e8b465ee728b)
Start importing Assets/Materials/White.mat using Guid(8401dafb6136f49cdb4122bf5793f296) Importer(815301076,1909f56bfc062723c751e8b465ee728b)  -> (artifact id: '8eef4c82905cfef00d1e2b2cbb20140d') in 0.646266 seconds
  Import took 0.651347 seconds .

========================================================================
Received Import Request.
  Time since last request: 6.887669 seconds.
  path: Assets/Materials/Black.mat
  artifactKey: Guid(277f77cd3b0ca4d7fbb9ec089443b7b4) Importer(815301076,1909f56bfc062723c751e8b465ee728b)
Start importing Assets/Materials/Black.mat using Guid(277f77cd3b0ca4d7fbb9ec089443b7b4) Importer(815301076,1909f56bfc062723c751e8b465ee728b)  -> (artifact id: 'b723754c1299cbcc27bd01f3693d0766') in 0.019419 seconds
  Import took 0.027344 seconds .

========================================================================
Received Import Request.
  Time since last request: 25.616653 seconds.
  path: Assets/Materials/Red.mat
  artifactKey: Guid(b590dc56339c742dba119ab6a6cf3d76) Importer(815301076,1909f56bfc062723c751e8b465ee728b)
Start importing Assets/Materials/Red.mat using Guid(b590dc56339c742dba119ab6a6cf3d76) Importer(815301076,1909f56bfc062723c751e8b465ee728b)  -> (artifact id: '93c722837f05478114234dca1d51bfcc') in 0.018034 seconds
  Import took 0.021257 seconds .

========================================================================
Received Import Request.
  Time since last request: 12.466576 seconds.
  path: Assets/Materials/Orange.mat
  artifactKey: Guid(357c3af9994ee44b680de564eb752959) Importer(815301076,1909f56bfc062723c751e8b465ee728b)
Start importing Assets/Materials/Orange.mat using Guid(357c3af9994ee44b680de564eb752959) Importer(815301076,1909f56bfc062723c751e8b465ee728b)  -> (artifact id: '3cd5b1487910ed7d2ba226634e124ebc') in 0.017808 seconds
  Import took 0.023445 seconds .

========================================================================
Received Import Request.
  Time since last request: 55.722276 seconds.
  path: Assets/Materials/Yellow.mat
  artifactKey: Guid(99c4c8eac2d94411f9fe545cf2a7df0e) Importer(815301076,1909f56bfc062723c751e8b465ee728b)
Start importing Assets/Materials/Yellow.mat using Guid(99c4c8eac2d94411f9fe545cf2a7df0e) Importer(815301076,1909f56bfc062723c751e8b465ee728b)  -> (artifact id: '341ab774891a0677a0d4e41a61f309cc') in 0.050049 seconds
  Import took 0.054494 seconds .

========================================================================
Received Import Request.
  Time since last request: 155.720325 seconds.
  path: Assets/Materials/Green.mat
  artifactKey: Guid(30393ccc2532044a99bda5331c899b55) Importer(815301076,1909f56bfc062723c751e8b465ee728b)
Start importing Assets/Materials/Green.mat using Guid(30393ccc2532044a99bda5331c899b55) Importer(815301076,1909f56bfc062723c751e8b465ee728b)  -> (artifact id: 'd8889532a633d148d985c1c304da5098') in 0.017103 seconds
  Import took 0.024448 seconds .

========================================================================
Received Import Request.
  Time since last request: 29.581790 seconds.
  path: Assets/Materials/Blue.mat
  artifactKey: Guid(5776f411668cc4da7ad711ab1738669c) Importer(815301076,1909f56bfc062723c751e8b465ee728b)
Start importing Assets/Materials/Blue.mat using Guid(5776f411668cc4da7ad711ab1738669c) Importer(815301076,1909f56bfc062723c751e8b465ee728b)  -> (artifact id: 'fe09c4d8853b669e1e6ef537e60417a6') in 0.015684 seconds
  Import took 0.020592 seconds .

========================================================================
Received Import Request.
  Time since last request: 78.358162 seconds.
  path: Assets/Materials/Purple.mat
  artifactKey: Guid(b61fba768598742b0800289f18f38424) Importer(815301076,1909f56bfc062723c751e8b465ee728b)
Start importing Assets/Materials/Purple.mat using Guid(b61fba768598742b0800289f18f38424) Importer(815301076,1909f56bfc062723c751e8b465ee728b)  -> (artifact id: 'b42486fc06ea5f97040de6f5d28271ed') in 0.018589 seconds
  Import took 0.022922 seconds .

========================================================================
Received Import Request.
  Time since last request: 38.703709 seconds.
  path: Assets/Materials/Black.mat
  artifactKey: Guid(277f77cd3b0ca4d7fbb9ec089443b7b4) Importer(815301076,1909f56bfc062723c751e8b465ee728b)
Start importing Assets/Materials/Black.mat using Guid(277f77cd3b0ca4d7fbb9ec089443b7b4) Importer(815301076,1909f56bfc062723c751e8b465ee728b)  -> (artifact id: 'b7d4ae487d19c0620f298c22a94a09fd') in 0.021829 seconds
  Import took 0.025721 seconds .

========================================================================
Received Import Request.
  Time since last request: 0.000455 seconds.
  path: Assets/Materials/Red.mat
  artifactKey: Guid(b590dc56339c742dba119ab6a6cf3d76) Importer(815301076,1909f56bfc062723c751e8b465ee728b)
Start importing Assets/Materials/Red.mat using Guid(b590dc56339c742dba119ab6a6cf3d76) Importer(815301076,1909f56bfc062723c751e8b465ee728b)  -> (artifact id: 'ee09b94e553b4a0090e45d0b0e534f90') in 0.021889 seconds
  Import took 0.027126 seconds .

========================================================================
Received Import Request.
  Time since last request: 0.000300 seconds.
  path: Assets/Materials/Purple.mat
  artifactKey: Guid(b61fba768598742b0800289f18f38424) Importer(815301076,1909f56bfc062723c751e8b465ee728b)
Start importing Assets/Materials/Purple.mat using Guid(b61fba768598742b0800289f18f38424) Importer(815301076,1909f56bfc062723c751e8b465ee728b)  -> (artifact id: '64b1b1f6813c542e15e0bc627237fc89') in 0.012457 seconds
  Import took 0.016886 seconds .

========================================================================
Received Import Request.
  Time since last request: 0.000294 seconds.
  path: Assets/Materials/Blue.mat
  artifactKey: Guid(5776f411668cc4da7ad711ab1738669c) Importer(815301076,1909f56bfc062723c751e8b465ee728b)
Start importing Assets/Materials/Blue.mat using Guid(5776f411668cc4da7ad711ab1738669c) Importer(815301076,1909f56bfc062723c751e8b465ee728b)  -> (artifact id: '7422a7fb0cc964b6beb249a144c1c4c3') in 0.012064 seconds
  Import took 0.014801 seconds .

========================================================================
Received Import Request.
  Time since last request: 0.000305 seconds.
  path: Assets/Materials/Green.mat
  artifactKey: Guid(30393ccc2532044a99bda5331c899b55) Importer(815301076,1909f56bfc062723c751e8b465ee728b)
Start importing Assets/Materials/Green.mat using Guid(30393ccc2532044a99bda5331c899b55) Importer(815301076,1909f56bfc062723c751e8b465ee728b)  -> (artifact id: 'b468130bb94679d39ed256c145030117') in 0.018975 seconds
  Import took 0.021657 seconds .

========================================================================
Received Import Request.
  Time since last request: 0.000209 seconds.
  path: Assets/Materials/Orange.mat
  artifactKey: Guid(357c3af9994ee44b680de564eb752959) Importer(815301076,1909f56bfc062723c751e8b465ee728b)
Start importing Assets/Materials/Orange.mat using Guid(357c3af9994ee44b680de564eb752959) Importer(815301076,1909f56bfc062723c751e8b465ee728b)  -> (artifact id: '542b98bfd60980a2a3d9aa924c7cf7ec') in 0.014481 seconds
  Import took 0.017416 seconds .

========================================================================
Received Import Request.
  Time since last request: 0.000230 seconds.
  path: Assets/Materials/Yellow.mat
  artifactKey: Guid(99c4c8eac2d94411f9fe545cf2a7df0e) Importer(815301076,1909f56bfc062723c751e8b465ee728b)
Start importing Assets/Materials/Yellow.mat using Guid(99c4c8eac2d94411f9fe545cf2a7df0e) Importer(815301076,1909f56bfc062723c751e8b465ee728b)  -> (artifact id: '279e9a7bc7a7feb1161929c0e326949e') in 0.011218 seconds
  Import took 0.014073 seconds .

========================================================================
Received Import Request.
  Time since last request: 168.733862 seconds.
  path: Assets/Prefabs
  artifactKey: Guid(5ea8dcca771554f65a81c52607511628) Importer(815301076,1909f56bfc062723c751e8b465ee728b)
Start importing Assets/Prefabs using Guid(5ea8dcca771554f65a81c52607511628) Importer(815301076,1909f56bfc062723c751e8b465ee728b)  -> (artifact id: '37410443c1b75f8ee81d2ef0b0afd5ff') in 0.002283 seconds
  Import took 0.007153 seconds .

========================================================================
Received Import Request.
  Time since last request: 0.000508 seconds.
  path: Assets/Prefabs
  artifactKey: Guid(5ea8dcca771554f65a81c52607511628) Importer(815301076,1909f56bfc062723c751e8b465ee728b)
Start importing Assets/Prefabs using Guid(5ea8dcca771554f65a81c52607511628) Importer(815301076,1909f56bfc062723c751e8b465ee728b)  -> (artifact id: '37410443c1b75f8ee81d2ef0b0afd5ff') in 0.003134 seconds
  Import took 0.010422 seconds .

========================================================================
Received Import Request.
  Time since last request: 8.458728 seconds.
  path: Assets/Scripts
  artifactKey: Guid(4ee4d5f9bfe9a4d54ae4921f57aad154) Importer(815301076,1909f56bfc062723c751e8b465ee728b)
Start importing Assets/Scripts using Guid(4ee4d5f9bfe9a4d54ae4921f57aad154) Importer(815301076,1909f56bfc062723c751e8b465ee728b)  -> (artifact id: '183c685da1f0db1699ff97f94f64d228') in 0.003468 seconds
  Import took 0.007707 seconds .

========================================================================
Received Import Request.
  Time since last request: 10.915098 seconds.
  path: Assets/Characters
  artifactKey: Guid(db9ff522bd05444e09b348b60229fe6a) Importer(815301076,1909f56bfc062723c751e8b465ee728b)
Start importing Assets/Characters using Guid(db9ff522bd05444e09b348b60229fe6a) Importer(815301076,1909f56bfc062723c751e8b465ee728b)  -> (artifact id: '409f6ca9d0989023f9eda9fb5372b726') in 0.001462 seconds
  Import took 0.004865 seconds .

