Using pre-set license

 COMMAND LINE ARGUMENTS:
/Applications/Unity/Hub/Editor/2020.3.11f1/Unity.app/Contents/MacOS/Unity
-adb2
-batchMode
-noUpm
-name
AssetImportWorker0
-projectPath
/Users/richardkamau/unity_projects/main_project/FirstProject
-logFile
Logs/AssetImportWorker0.log
-srvPort
54470
Successfully changed project path to: /Users/richardkamau/unity_projects/main_project/FirstProject
/Users/richardkamau/unity_projects/main_project/FirstProject
Using Asset Import Pipeline V2.
Refreshing native plugins compatible for Editor in 33.26 ms, found 2 plugins.
Preloading 0 native plugins for Editor in 0.00 ms.
Initialize engine version: 2020.3.11f1 (99c7afb366b3)
[Subsystems] Discovering subsystems at path /Applications/Unity/Hub/Editor/2020.3.11f1/Unity.app/Contents/Resources/UnitySubsystems
[Subsystems] Discovering subsystems at path /Users/richardkamau/unity_projects/main_project/FirstProject/Assets
GfxDevice: creating device client; threaded=0
2021-07-06 13:56:05.843 Unity[17301:407068] Color LCD preferred device: Intel(R) Iris(TM) Plus Graphics 645 (low power)
2021-07-06 13:56:05.843 Unity[17301:407068] Metal devices available: 1
2021-07-06 13:56:05.843 Unity[17301:407068] 0: Intel(R) Iris(TM) Plus Graphics 645 (low power)
2021-07-06 13:56:05.844 Unity[17301:407068] Using device Intel(R) Iris(TM) Plus Graphics 645 (low power)
Initializing Metal device caps: Intel(R) Iris(TM) Plus Graphics 645
Initialize mono
Mono path[0] = '/Applications/Unity/Hub/Editor/2020.3.11f1/Unity.app/Contents/Managed'
Mono path[1] = '/Applications/Unity/Hub/Editor/2020.3.11f1/Unity.app/Contents/MonoBleedingEdge/lib/mono/unityjit'
Mono config path = '/Applications/Unity/Hub/Editor/2020.3.11f1/Unity.app/Contents/MonoBleedingEdge/etc'
Using monoOptions --debugger-agent=transport=dt_socket,embedding=1,server=y,suspend=n,address=127.0.0.1:56301
Begin MonoManager ReloadAssembly
Registering precompiled unity dll's ...
Register platform support module: /Applications/Unity/Hub/Editor/2020.3.11f1/Unity.app/Contents/PlaybackEngines/MacStandaloneSupport/UnityEditor.OSXStandalone.Extensions.dll
Registered in 0.002355 seconds.
Native extension for OSXStandalone target not found
Refreshing native plugins compatible for Editor in 35.58 ms, found 2 plugins.
Preloading 0 native plugins for Editor in 0.00 ms.
Mono: successfully reloaded assembly
- Completed reload, in  2.049 seconds
Platform modules already initialized, skipping
Registering precompiled user dll's ...
Registered in 0.006951 seconds.
Begin MonoManager ReloadAssembly
Native extension for OSXStandalone target not found
Refreshing native plugins compatible for Editor in 0.56 ms, found 2 plugins.
Preloading 0 native plugins for Editor in 0.00 ms.
Mono: successfully reloaded assembly
- Completed reload, in  1.492 seconds
Platform modules already initialized, skipping
========================================================================
Worker process is ready to serve import requests
Launching external process: /Applications/Unity/Hub/Editor/2020.3.11f1/Unity.app/Contents/Tools/UnityShaderCompiler
Launched and connected shader compiler UnityShaderCompiler after 0.05 seconds
Refreshing native plugins compatible for Editor in 0.37 ms, found 2 plugins.
Preloading 0 native plugins for Editor in 0.00 ms.
Unloading 1543 Unused Serialized files (Serialized files now loaded: 0)
System memory in use before: 141.8 MB.
System memory in use after: 141.9 MB.

Unloading 20 unused Assets to reduce memory usage. Loaded Objects now: 1982.
Total: 2.315081 ms (FindLiveObjects: 0.216672 ms CreateObjectMapping: 0.047246 ms MarkObjects: 1.954186 ms  DeleteObjects: 0.095723 ms)

========================================================================
Received Import Request.
  path: Assets/Characters
  artifactKey: Guid(c4073ed122b80497a8b34aeed76fc35f) Importer(815301076,1909f56bfc062723c751e8b465ee728b)
Start importing Assets/Characters using Guid(c4073ed122b80497a8b34aeed76fc35f) Importer(815301076,1909f56bfc062723c751e8b465ee728b)  -> (artifact id: '89967ed1f721fc436b290ecc52483b51') in 0.004863 seconds
  Import took 0.008008 seconds .

========================================================================
Received Import Request.
  Time since last request: 7.491994 seconds.
  path: Assets/Characters/bigvegas@Drunk Run Forward.fbx
  artifactKey: Guid(6597e48ea22394aefae2671c843b443e) Importer(815301076,1909f56bfc062723c751e8b465ee728b)
Start importing Assets/Characters/bigvegas@Drunk Run Forward.fbx using Guid(6597e48ea22394aefae2671c843b443e) Importer(815301076,1909f56bfc062723c751e8b465ee728b)  -> (artifact id: '1b358b6f9be6368c568ce493a3de96f1') in 1.750968 seconds
  Import took 1.754651 seconds .

