Using pre-set license

 COMMAND LINE ARGUMENTS:
/Applications/Unity/Hub/Editor/2020.3.11f1/Unity.app/Contents/MacOS/Unity
-adb2
-batchMode
-noUpm
-name
AssetImportWorker1
-projectPath
/Users/richardkamau/unity_projects/main_project/FirstProject
-logFile
Logs/AssetImportWorker1.log
-srvPort
51627
Successfully changed project path to: /Users/richardkamau/unity_projects/main_project/FirstProject
/Users/richardkamau/unity_projects/main_project/FirstProject
Using Asset Import Pipeline V2.
Refreshing native plugins compatible for Editor in 89.65 ms, found 2 plugins.
Preloading 0 native plugins for Editor in 0.00 ms.
Initialize engine version: 2020.3.11f1 (99c7afb366b3)
[Subsystems] Discovering subsystems at path /Applications/Unity/Hub/Editor/2020.3.11f1/Unity.app/Contents/Resources/UnitySubsystems
[Subsystems] Discovering subsystems at path /Users/richardkamau/unity_projects/main_project/FirstProject/Assets
GfxDevice: creating device client; threaded=0
2021-07-21 10:14:58.768 Unity[10601:207977] Color LCD preferred device: Intel(R) Iris(TM) Plus Graphics 645 (low power)
2021-07-21 10:14:58.768 Unity[10601:207977] Metal devices available: 1
2021-07-21 10:14:58.768 Unity[10601:207977] 0: Intel(R) Iris(TM) Plus Graphics 645 (low power)
2021-07-21 10:14:58.769 Unity[10601:207977] Using device Intel(R) Iris(TM) Plus Graphics 645 (low power)
Initializing Metal device caps: Intel(R) Iris(TM) Plus Graphics 645
Initialize mono
Mono path[0] = '/Applications/Unity/Hub/Editor/2020.3.11f1/Unity.app/Contents/Managed'
Mono path[1] = '/Applications/Unity/Hub/Editor/2020.3.11f1/Unity.app/Contents/MonoBleedingEdge/lib/mono/unityjit'
Mono config path = '/Applications/Unity/Hub/Editor/2020.3.11f1/Unity.app/Contents/MonoBleedingEdge/etc'
Using monoOptions --debugger-agent=transport=dt_socket,embedding=1,server=y,suspend=n,address=127.0.0.1:56601
Begin MonoManager ReloadAssembly
Registering precompiled unity dll's ...
Register platform support module: /Applications/Unity/Hub/Editor/2020.3.11f1/Unity.app/Contents/PlaybackEngines/MacStandaloneSupport/UnityEditor.OSXStandalone.Extensions.dll
Registered in 0.000549 seconds.
Native extension for OSXStandalone target not found
Refreshing native plugins compatible for Editor in 35.41 ms, found 2 plugins.
Preloading 0 native plugins for Editor in 0.00 ms.
Mono: successfully reloaded assembly
- Completed reload, in  3.015 seconds
Platform modules already initialized, skipping
Registering precompiled user dll's ...
Registered in 0.065276 seconds.
Begin MonoManager ReloadAssembly
Native extension for OSXStandalone target not found
Refreshing native plugins compatible for Editor in 1.53 ms, found 2 plugins.
Preloading 0 native plugins for Editor in 0.00 ms.
Mono: successfully reloaded assembly
- Completed reload, in  3.437 seconds
Platform modules already initialized, skipping
========================================================================
Worker process is ready to serve import requests
Launching external process: /Applications/Unity/Hub/Editor/2020.3.11f1/Unity.app/Contents/Tools/UnityShaderCompiler
Launched and connected shader compiler UnityShaderCompiler after 0.17 seconds
Refreshing native plugins compatible for Editor in 14.54 ms, found 2 plugins.
Preloading 0 native plugins for Editor in 0.00 ms.
Unloading 1546 Unused Serialized files (Serialized files now loaded: 0)
System memory in use before: 147.0 MB.
System memory in use after: 147.1 MB.

Unloading 20 unused Assets to reduce memory usage. Loaded Objects now: 1987.
Total: 74.904688 ms (FindLiveObjects: 11.556780 ms CreateObjectMapping: 0.303563 ms MarkObjects: 58.938593 ms  DeleteObjects: 4.104158 ms)

========================================================================
Received Import Request.
  path: Assets/Prefabs/InstaDeathEnemy.prefab
  artifactKey: Guid(03710a5007285432180cc9037b1db7b7) Importer(815301076,1909f56bfc062723c751e8b465ee728b)
Start importing Assets/Prefabs/InstaDeathEnemy.prefab using Guid(03710a5007285432180cc9037b1db7b7) Importer(815301076,1909f56bfc062723c751e8b465ee728b)  -> (artifact id: '7e407b393fcd1af08c39ceb6b219c923') in 2.779715 seconds
  Import took 2.794303 seconds .

========================================================================
Received Import Request.
  Time since last request: 28.516811 seconds.
  path: Assets/Prefabs/InstaDeathEnemy.prefab
  artifactKey: Guid(03710a5007285432180cc9037b1db7b7) Importer(815301076,1909f56bfc062723c751e8b465ee728b)
Start importing Assets/Prefabs/InstaDeathEnemy.prefab using Guid(03710a5007285432180cc9037b1db7b7) Importer(815301076,1909f56bfc062723c751e8b465ee728b)  -> (artifact id: '3b3ee010624cb5bbbd003d1e2ad0dcdc') in 0.102938 seconds
  Import took 0.152961 seconds .

========================================================================
Received Import Request.
  Time since last request: 1.859512 seconds.
  path: Assets/Prefabs/InstaDeathEnemy.prefab
  artifactKey: Guid(03710a5007285432180cc9037b1db7b7) Importer(815301076,1909f56bfc062723c751e8b465ee728b)
Start importing Assets/Prefabs/InstaDeathEnemy.prefab using Guid(03710a5007285432180cc9037b1db7b7) Importer(815301076,1909f56bfc062723c751e8b465ee728b)  -> (artifact id: 'fa63c4b4a9bec639345ed3fc6c75e0c7') in 0.092131 seconds
  Import took 0.136458 seconds .

========================================================================
Received Import Request.
  Time since last request: 1.428454 seconds.
  path: Assets/Prefabs/InstaDeathEnemy.prefab
  artifactKey: Guid(03710a5007285432180cc9037b1db7b7) Importer(815301076,1909f56bfc062723c751e8b465ee728b)
Start importing Assets/Prefabs/InstaDeathEnemy.prefab using Guid(03710a5007285432180cc9037b1db7b7) Importer(815301076,1909f56bfc062723c751e8b465ee728b)  -> (artifact id: '360fcc5d363a8ee19526aa9033e65500') in 0.041455 seconds
  Import took 0.069536 seconds .

========================================================================
Received Import Request.
  Time since last request: 35.391629 seconds.
  path: Assets/Prefabs/InstaDeathEnemy.prefab
  artifactKey: Guid(03710a5007285432180cc9037b1db7b7) Importer(815301076,1909f56bfc062723c751e8b465ee728b)
Start importing Assets/Prefabs/InstaDeathEnemy.prefab using Guid(03710a5007285432180cc9037b1db7b7) Importer(815301076,1909f56bfc062723c751e8b465ee728b)  -> (artifact id: 'a3c376bdc78619aee4df2dc1057c2c14') in 0.066103 seconds
  Import took 0.093013 seconds .

========================================================================
Received Prepare
Registering precompiled user dll's ...
Registered in 0.070520 seconds.
Begin MonoManager ReloadAssembly
Native extension for OSXStandalone target not found
Refreshing native plugins compatible for Editor in 5.54 ms, found 2 plugins.
Preloading 0 native plugins for Editor in 0.00 ms.
Mono: successfully reloaded assembly
- Completed reload, in 10.281 seconds
Platform modules already initialized, skipping
Refreshing native plugins compatible for Editor in 0.64 ms, found 2 plugins.
Preloading 0 native plugins for Editor in 0.00 ms.
Unloading 1537 Unused Serialized files (Serialized files now loaded: 0)
System memory in use before: 154.8 MB.
System memory in use after: 154.9 MB.

Unloading 15 unused Assets to reduce memory usage. Loaded Objects now: 1998.
Total: 139.450686 ms (FindLiveObjects: 28.355135 ms CreateObjectMapping: 0.301916 ms MarkObjects: 101.823212 ms  DeleteObjects: 8.967975 ms)

========================================================================
Received Import Request.
  Time since last request: 1236.642872 seconds.
  path: Assets/Scripts/Moving_Platform.cs
  artifactKey: Guid(047446d9adc7f4ff9b63d2c803da594b) Importer(815301076,1909f56bfc062723c751e8b465ee728b)
Start importing Assets/Scripts/Moving_Platform.cs using Guid(047446d9adc7f4ff9b63d2c803da594b) Importer(815301076,1909f56bfc062723c751e8b465ee728b)  -> (artifact id: 'f7fde52492245038c6af2927268f5777') in 4.383283 seconds
  Import took 6.020153 seconds .

========================================================================
Received Prepare
Registering precompiled user dll's ...
Registered in 0.084814 seconds.
Begin MonoManager ReloadAssembly
Native extension for OSXStandalone target not found
Refreshing native plugins compatible for Editor in 12.54 ms, found 2 plugins.
Preloading 0 native plugins for Editor in 0.00 ms.
Mono: successfully reloaded assembly
- Completed reload, in 13.200 seconds
Platform modules already initialized, skipping
Refreshing native plugins compatible for Editor in 0.91 ms, found 2 plugins.
Preloading 0 native plugins for Editor in 0.00 ms.
Unloading 1537 Unused Serialized files (Serialized files now loaded: 0)
System memory in use before: 159.3 MB.
System memory in use after: 159.4 MB.

Unloading 15 unused Assets to reduce memory usage. Loaded Objects now: 2001.
Total: 112.131526 ms (FindLiveObjects: 17.260508 ms CreateObjectMapping: 0.292223 ms MarkObjects: 88.850386 ms  DeleteObjects: 5.726002 ms)

========================================================================
Received Prepare
Registering precompiled user dll's ...
Registered in 0.006804 seconds.
Begin MonoManager ReloadAssembly
Native extension for OSXStandalone target not found
Refreshing native plugins compatible for Editor in 0.43 ms, found 2 plugins.
Preloading 0 native plugins for Editor in 0.00 ms.
Mono: successfully reloaded assembly
- Completed reload, in  1.750 seconds
Platform modules already initialized, skipping
Refreshing native plugins compatible for Editor in 0.49 ms, found 2 plugins.
Preloading 0 native plugins for Editor in 0.00 ms.
Unloading 1537 Unused Serialized files (Serialized files now loaded: 0)
System memory in use before: 159.5 MB.
System memory in use after: 159.6 MB.

Unloading 15 unused Assets to reduce memory usage. Loaded Objects now: 2004.
Total: 5.355680 ms (FindLiveObjects: 1.023404 ms CreateObjectMapping: 0.165271 ms MarkObjects: 4.049773 ms  DeleteObjects: 0.114778 ms)

========================================================================
Received Prepare
Registering precompiled user dll's ...
Registered in 0.003156 seconds.
Begin MonoManager ReloadAssembly
Native extension for OSXStandalone target not found
Refreshing native plugins compatible for Editor in 0.43 ms, found 2 plugins.
Preloading 0 native plugins for Editor in 0.00 ms.
Mono: successfully reloaded assembly
- Completed reload, in  1.240 seconds
Platform modules already initialized, skipping
Refreshing native plugins compatible for Editor in 0.41 ms, found 2 plugins.
Preloading 0 native plugins for Editor in 0.00 ms.
Unloading 1537 Unused Serialized files (Serialized files now loaded: 0)
System memory in use before: 159.7 MB.
System memory in use after: 159.8 MB.

Unloading 15 unused Assets to reduce memory usage. Loaded Objects now: 2007.
Total: 1.874006 ms (FindLiveObjects: 0.165824 ms CreateObjectMapping: 0.045228 ms MarkObjects: 1.605796 ms  DeleteObjects: 0.056457 ms)

========================================================================
Received Prepare
Registering precompiled user dll's ...
Registered in 0.006226 seconds.
Begin MonoManager ReloadAssembly
Native extension for OSXStandalone target not found
Refreshing native plugins compatible for Editor in 0.59 ms, found 2 plugins.
Preloading 0 native plugins for Editor in 0.00 ms.
Mono: successfully reloaded assembly
- Completed reload, in  1.463 seconds
Platform modules already initialized, skipping
Refreshing native plugins compatible for Editor in 0.47 ms, found 2 plugins.
Preloading 0 native plugins for Editor in 0.00 ms.
Unloading 1537 Unused Serialized files (Serialized files now loaded: 0)
System memory in use before: 159.9 MB.
System memory in use after: 159.9 MB.

Unloading 15 unused Assets to reduce memory usage. Loaded Objects now: 2010.
Total: 2.387221 ms (FindLiveObjects: 0.202321 ms CreateObjectMapping: 0.053875 ms MarkObjects: 2.063949 ms  DeleteObjects: 0.065758 ms)

========================================================================
Received Prepare
Registering precompiled user dll's ...
Registered in 0.006523 seconds.
Begin MonoManager ReloadAssembly
Native extension for OSXStandalone target not found
Refreshing native plugins compatible for Editor in 0.52 ms, found 2 plugins.
Preloading 0 native plugins for Editor in 0.00 ms.
Mono: successfully reloaded assembly
- Completed reload, in  1.475 seconds
Platform modules already initialized, skipping
Refreshing native plugins compatible for Editor in 0.43 ms, found 2 plugins.
Preloading 0 native plugins for Editor in 0.00 ms.
Unloading 1537 Unused Serialized files (Serialized files now loaded: 0)
System memory in use before: 160.0 MB.
System memory in use after: 160.1 MB.

Unloading 15 unused Assets to reduce memory usage. Loaded Objects now: 2013.
Total: 2.241885 ms (FindLiveObjects: 0.246862 ms CreateObjectMapping: 0.061224 ms MarkObjects: 1.847840 ms  DeleteObjects: 0.084937 ms)

========================================================================
Received Import Request.
  Time since last request: 8936.724468 seconds.
  path: Assets/Materials/Blur.mat
  artifactKey: Guid(b5536886448f14f569d2607e1e4c648c) Importer(815301076,1909f56bfc062723c751e8b465ee728b)
Start importing Assets/Materials/Blur.mat using Guid(b5536886448f14f569d2607e1e4c648c) Importer(815301076,1909f56bfc062723c751e8b465ee728b)  -> (artifact id: '2b43ba78e9b527ad48ac8f27e467266d') in 0.584031 seconds
  Import took 0.596836 seconds .

========================================================================
Received Import Request.
  Time since last request: 777.100628 seconds.
  path: Assets/Prefabs/InstaDeathEnemy.prefab
  artifactKey: Guid(03710a5007285432180cc9037b1db7b7) Importer(815301076,1909f56bfc062723c751e8b465ee728b)
Start importing Assets/Prefabs/InstaDeathEnemy.prefab using Guid(03710a5007285432180cc9037b1db7b7) Importer(815301076,1909f56bfc062723c751e8b465ee728b)  -> (artifact id: 'ac0d4e12bedb3a75af832bfc3433d8c3') in 0.102966 seconds
  Import took 0.109738 seconds .

========================================================================
Received Prepare
Registering precompiled user dll's ...
Registered in 0.003289 seconds.
Begin MonoManager ReloadAssembly
Native extension for OSXStandalone target not found
Refreshing native plugins compatible for Editor in 0.45 ms, found 2 plugins.
Preloading 0 native plugins for Editor in 0.00 ms.
Mono: successfully reloaded assembly
- Completed reload, in  1.278 seconds
Platform modules already initialized, skipping
Refreshing native plugins compatible for Editor in 0.40 ms, found 2 plugins.
Preloading 0 native plugins for Editor in 0.00 ms.
Unloading 1537 Unused Serialized files (Serialized files now loaded: 0)
System memory in use before: 164.8 MB.
System memory in use after: 164.9 MB.

Unloading 15 unused Assets to reduce memory usage. Loaded Objects now: 2050.
Total: 2.368832 ms (FindLiveObjects: 0.243281 ms CreateObjectMapping: 0.147266 ms MarkObjects: 1.910713 ms  DeleteObjects: 0.066567 ms)

========================================================================
Received Prepare
Registering precompiled user dll's ...
Registered in 0.006152 seconds.
Begin MonoManager ReloadAssembly
Native extension for OSXStandalone target not found
Refreshing native plugins compatible for Editor in 0.41 ms, found 2 plugins.
Preloading 0 native plugins for Editor in 0.00 ms.
Mono: successfully reloaded assembly
- Completed reload, in  1.238 seconds
Platform modules already initialized, skipping
Refreshing native plugins compatible for Editor in 0.42 ms, found 2 plugins.
Preloading 0 native plugins for Editor in 0.00 ms.
Unloading 1537 Unused Serialized files (Serialized files now loaded: 0)
System memory in use before: 165.1 MB.
System memory in use after: 165.1 MB.

Unloading 15 unused Assets to reduce memory usage. Loaded Objects now: 2053.
Total: 2.547899 ms (FindLiveObjects: 0.211739 ms CreateObjectMapping: 0.058419 ms MarkObjects: 2.211062 ms  DeleteObjects: 0.065083 ms)

========================================================================
Received Prepare
Registering precompiled user dll's ...
Registered in 0.004657 seconds.
Begin MonoManager ReloadAssembly
Native extension for OSXStandalone target not found
Refreshing native plugins compatible for Editor in 0.54 ms, found 2 plugins.
Preloading 0 native plugins for Editor in 0.00 ms.
Mono: successfully reloaded assembly
- Completed reload, in  1.268 seconds
Platform modules already initialized, skipping
Refreshing native plugins compatible for Editor in 0.41 ms, found 2 plugins.
Preloading 0 native plugins for Editor in 0.00 ms.
Unloading 1537 Unused Serialized files (Serialized files now loaded: 0)
System memory in use before: 165.2 MB.
System memory in use after: 165.3 MB.

Unloading 15 unused Assets to reduce memory usage. Loaded Objects now: 2056.
Total: 2.106080 ms (FindLiveObjects: 0.180868 ms CreateObjectMapping: 0.050540 ms MarkObjects: 1.817601 ms  DeleteObjects: 0.056320 ms)

========================================================================
Received Prepare
Registering precompiled user dll's ...
Registered in 0.007893 seconds.
Begin MonoManager ReloadAssembly
Native extension for OSXStandalone target not found
Refreshing native plugins compatible for Editor in 0.51 ms, found 2 plugins.
Preloading 0 native plugins for Editor in 0.00 ms.
Mono: successfully reloaded assembly
- Completed reload, in  1.302 seconds
Platform modules already initialized, skipping
Refreshing native plugins compatible for Editor in 0.41 ms, found 2 plugins.
Preloading 0 native plugins for Editor in 0.00 ms.
Unloading 1537 Unused Serialized files (Serialized files now loaded: 0)
System memory in use before: 165.4 MB.
System memory in use after: 165.5 MB.

Unloading 15 unused Assets to reduce memory usage. Loaded Objects now: 2059.
Total: 2.670107 ms (FindLiveObjects: 0.184601 ms CreateObjectMapping: 0.053706 ms MarkObjects: 2.332994 ms  DeleteObjects: 0.097317 ms)

========================================================================
Received Prepare
Registering precompiled user dll's ...
Registered in 0.007414 seconds.
Begin MonoManager ReloadAssembly
Native extension for OSXStandalone target not found
Refreshing native plugins compatible for Editor in 0.44 ms, found 2 plugins.
Preloading 0 native plugins for Editor in 0.00 ms.
Mono: successfully reloaded assembly
- Completed reload, in  1.303 seconds
Platform modules already initialized, skipping
Refreshing native plugins compatible for Editor in 0.42 ms, found 2 plugins.
Preloading 0 native plugins for Editor in 0.00 ms.
Unloading 1537 Unused Serialized files (Serialized files now loaded: 0)
System memory in use before: 165.6 MB.
System memory in use after: 165.7 MB.

Unloading 15 unused Assets to reduce memory usage. Loaded Objects now: 2062.
Total: 2.284143 ms (FindLiveObjects: 0.194145 ms CreateObjectMapping: 0.060090 ms MarkObjects: 1.930183 ms  DeleteObjects: 0.098895 ms)

========================================================================
Received Import Request.
  Time since last request: 16935.082597 seconds.
  path: Assets/Materials/Blur.mat
  artifactKey: Guid(b5536886448f14f569d2607e1e4c648c) Importer(815301076,1909f56bfc062723c751e8b465ee728b)
Start importing Assets/Materials/Blur.mat using Guid(b5536886448f14f569d2607e1e4c648c) Importer(815301076,1909f56bfc062723c751e8b465ee728b)  -> (artifact id: '582e182a60b143885600df217e16d727') in 0.169151 seconds
  Import took 0.195592 seconds .

